<?xml version="1.0" encoding="UTF-8"?>
<testsuites name="AmazonLogin" time="23.049" tests="1" failures="0" errors="0">
   <testsuite name="AmazonLogin" tests="1" failures="0" errors="0" time="23.049" skipped="0" timestamp="03-02-2024T11:50:53" hostname="hp - 192.168.2.4" id="Test Suites/AmazonLogin">
      <properties>
         <property name="deviceName" value=""/>
         <property name="devicePlatform" value=""/>
         <property name="logFolder" value="C:\\Users\\hp\\git\\SI-GuidedProject-705449-1706164315\\Reports\\20240203_115040\\AmazonLogin\\20240203_115040"/>
         <property name="logFiles" value="C:\\Users\\hp\\git\\SI-GuidedProject-705449-1706164315\\Reports\\20240203_115040\\AmazonLogin\\20240203_115040\\execution0.log"/>
         <property name="attachments" value=""/>
         <property name="hostName" value="hp - 192.168.2.4"/>
         <property name="os" value="Windows 11 64bit"/>
         <property name="katalonVersion" value="9.2.0.212"/>
         <property name="browser" value="Edge Chromium 121"/>
         <property name="hostAddress" value="192.168.2.4"/>
         <property name="sessionId" value="902bbc43ff91c7e3e0aae59930743cd6"/>
         <property name="seleniumVersion" value="3.141.59"/>
         <property name="proxyInformation" value="ProxyInformation { proxyOption=NO_PROXY, proxyServerType=HTTP, username=, password=********, proxyServerAddress=, proxyServerPort=0, executionList=&quot;&quot;, isApplyToDesiredCapabilities=true }"/>
         <property name="platform" value="Windows 11"/>
      </properties>
      <testcase name="Test Cases/Test1" time="22.465" classname="Test Cases/Test1" status="PASSED">
         <system-out><![CDATA[03-02-2024T11:50:54 - [TEST_CASE][PASSED] - Test Cases/Test1: Test Cases/Test1

03-02-2024T11:50:54 - [TEST_STEP][PASSED] - Start listener action : sampleBeforeTestCase: Navigate to 'https://www.amazon.com/delay/' successfully

03-02-2024T11:50:54 - [TEST_STEP][PASSED] - openBrowser(""): Browser is opened with url: ''

03-02-2024T11:50:55 - [MESSAGE][INFO] - Starting 'Edge Chromium' driver

03-02-2024T11:50:55 - [MESSAGE][INFO] - Action delay is set to 0 milliseconds

03-02-2024T11:50:59 - [MESSAGE][PASSED] - Browser is opened with url: ''

03-02-2024T11:50:59 - [TEST_STEP][PASSED] - navigateToUrl("https://www.amazon.com/delay/"): Navigate to 'https://www.amazon.com/delay/' successfully

03-02-2024T11:51:01 - [MESSAGE][PASSED] - Navigate to 'https://www.amazon.com/delay/' successfully

03-02-2024T11:51:01 - [TEST_STEP][PASSED] - click(findTestObject("Object Repository/AmazonLogin/Page_Amazon.com Page Not Found/img")): Object: 'Object Repository/AmazonLogin/Page_Amazon.com Page Not Found/img' is clicked on

03-02-2024T11:51:05 - [MESSAGE][PASSED] - Object: 'Object Repository/AmazonLogin/Page_Amazon.com Page Not Found/img' is clicked on

03-02-2024T11:51:05 - [TEST_STEP][PASSED] - click(findTestObject("Object Repository/AmazonLogin/Page_Amazon.com. Spend less. Smile more/span_Hello, sign in")): Object: 'Object Repository/AmazonLogin/Page_Amazon.com. Spend less. Smile more/span_Hello, sign in' is clicked on

03-02-2024T11:51:09 - [MESSAGE][PASSED] - Object: 'Object Repository/AmazonLogin/Page_Amazon.com. Spend less. Smile more/span_Hello, sign in' is clicked on

03-02-2024T11:51:09 - [TEST_STEP][PASSED] - setText(findTestObject("Object Repository/AmazonLogin/Page_Amazon Sign-In/input_Email or mobile phone number_email"), "vivek.koppu02@gmail.com"): Text 'vivek.koppu02@gmail.com' is set on object 'Object Repository/AmazonLogin/Page_Amazon Sign-In/input_Email or mobile phone number_email'

03-02-2024T11:51:11 - [MESSAGE][PASSED] - Text 'vivek.koppu02@gmail.com' is set on object 'Object Repository/AmazonLogin/Page_Amazon Sign-In/input_Email or mobile phone number_email'

03-02-2024T11:51:11 - [TEST_STEP][PASSED] - click(findTestObject("Object Repository/AmazonLogin/Page_Amazon Sign-In/input_Enter your email or mobile phone numb_fc7402")): Object: 'Object Repository/AmazonLogin/Page_Amazon Sign-In/input_Enter your email or mobile phone numb_fc7402' is clicked on

03-02-2024T11:51:13 - [MESSAGE][PASSED] - Object: 'Object Repository/AmazonLogin/Page_Amazon Sign-In/input_Enter your email or mobile phone numb_fc7402' is clicked on

03-02-2024T11:51:14 - [TEST_STEP][PASSED] - setEncryptedText(findTestObject("Object Repository/AmazonLogin/Page_Amazon Sign-In/input_Forgot your password_password"), "ofo5Cd7yjXKREItGPzFDsw=="): Text ****** has been set on object 'Object Repository/AmazonLogin/Page_Amazon Sign-In/input_Forgot your password_password'

03-02-2024T11:51:15 - [MESSAGE][PASSED] - Text ****** has been set on object 'Object Repository/AmazonLogin/Page_Amazon Sign-In/input_Forgot your password_password'

03-02-2024T11:51:15 - [TEST_STEP][PASSED] - click(findTestObject("Object Repository/AmazonLogin/Page_Amazon Sign-In/input_Enter your password_signInSubmit")): Object: 'Object Repository/AmazonLogin/Page_Amazon Sign-In/input_Enter your password_signInSubmit' is clicked on

03-02-2024T11:51:15 - [MESSAGE][PASSED] - Object: 'Object Repository/AmazonLogin/Page_Amazon Sign-In/input_Enter your password_signInSubmit' is clicked on

03-02-2024T11:51:15 - [TEST_STEP][PASSED] - Start listener action : sampleAfterTestCase: Browser is closed

03-02-2024T11:51:15 - [TEST_STEP][PASSED] - closeBrowser(): Browser is closed

03-02-2024T11:51:16 - [MESSAGE][PASSED] - Browser is closed]]></system-out>
         <system-err><![CDATA[]]></system-err>
      </testcase>
      <system-out><![CDATA[03-02-2024T11:50:53 - [TEST_SUITE][PASSED] - AmazonLogin: Test Cases/Test1]]></system-out>
      <system-err><![CDATA[]]></system-err>
   </testsuite>
</testsuites>
