<?xml version="1.0" encoding="UTF-8"?>
<testsuites name="Welcomemessage" time="8.973" tests="1" failures="0" errors="0">
   <testsuite name="Welcomemessage" tests="1" failures="0" errors="0" time="8.973" skipped="0" timestamp="03-02-2024T12:13:16" hostname="hp - 192.168.2.4" id="Test Suites/Welcomemessage">
      <properties>
         <property name="deviceName" value=""/>
         <property name="devicePlatform" value=""/>
         <property name="logFolder" value="C:\\Users\\hp\\git\\SI-GuidedProject-705449-1706164315\\Reports\\20240203_121150\\Welcomemessage\\20240203_121203"/>
         <property name="logFiles" value="C:\\Users\\hp\\git\\SI-GuidedProject-705449-1706164315\\Reports\\20240203_121150\\Welcomemessage\\20240203_121203\\execution0.log"/>
         <property name="attachments" value=""/>
         <property name="hostName" value="hp - 192.168.2.4"/>
         <property name="os" value="Windows 11 64bit"/>
         <property name="katalonVersion" value="9.3.0.212"/>
         <property name="browser" value="Edge Chromium 121"/>
         <property name="hostAddress" value="192.168.2.4"/>
         <property name="sessionId" value="00d5b234378414459435fca3e40e9195"/>
         <property name="seleniumVersion" value="3.141.59"/>
         <property name="proxyInformation" value="ProxyInformation { proxyOption=NO_PROXY, proxyServerType=HTTP, username=, password=********, proxyServerAddress=, proxyServerPort=0, executionList=&quot;&quot;, isApplyToDesiredCapabilities=true }"/>
         <property name="platform" value="Windows 11"/>
      </properties>
      <testcase name="Test Cases/Test6" time="8.567" classname="Test Cases/Test6" status="PASSED">
         <system-out><![CDATA[03-02-2024T12:13:17 - [TEST_CASE][PASSED] - Test Cases/Test6: Test Cases/Test6

03-02-2024T12:13:17 - [TEST_STEP][PASSED] - Start listener action : sampleBeforeTestCase: Navigate to 'https://www.amazon.com/delay/' successfully

03-02-2024T12:13:17 - [TEST_STEP][PASSED] - openBrowser(""): Browser is opened with url: ''

03-02-2024T12:13:17 - [MESSAGE][INFO] - Starting 'Edge Chromium' driver

03-02-2024T12:13:19 - [MESSAGE][INFO] - Action delay is set to 0 milliseconds

03-02-2024T12:13:23 - [MESSAGE][PASSED] - Browser is opened with url: ''

03-02-2024T12:13:23 - [TEST_STEP][PASSED] - navigateToUrl("https://www.amazon.com/delay/"): Navigate to 'https://www.amazon.com/delay/' successfully

03-02-2024T12:13:24 - [MESSAGE][PASSED] - Navigate to 'https://www.amazon.com/delay/' successfully

03-02-2024T12:13:24 - [TEST_STEP][PASSED] - com.test.demo.Demo.print(): com.test.demo.Demo.print is PASSED

03-02-2024T12:13:24 - [MESSAGE][PASSED] - com.test.demo.Demo.print is PASSED

03-02-2024T12:13:24 - [TEST_STEP][PASSED] - Start listener action : sampleAfterTestCase: Browser is closed

03-02-2024T12:13:24 - [TEST_STEP][PASSED] - closeBrowser(): Browser is closed

03-02-2024T12:13:25 - [MESSAGE][PASSED] - Browser is closed]]></system-out>
         <system-err><![CDATA[]]></system-err>
      </testcase>
      <system-out><![CDATA[03-02-2024T12:13:16 - [TEST_SUITE][PASSED] - Welcomemessage: Test Cases/Test6]]></system-out>
      <system-err><![CDATA[]]></system-err>
   </testsuite>
</testsuites>
