<?xml version="1.0" encoding="UTF-8"?>
<testsuites name="AmazonRemoveCart" time="68.163" tests="1" failures="0" errors="0">
   <testsuite name="AmazonRemoveCart" tests="1" failures="0" errors="0" time="68.163" skipped="0" timestamp="03-02-2024T12:16:14" hostname="hp - 192.168.2.4" id="Test Suites/AmazonRemoveCart">
      <properties>
         <property name="deviceName" value=""/>
         <property name="devicePlatform" value=""/>
         <property name="logFolder" value="C:\\Users\\hp\\git\\SI-GuidedProject-705449-1706164315\\Reports\\20240203_121150\\AmazonRemoveCart\\20240203_121248"/>
         <property name="logFiles" value="C:\\Users\\hp\\git\\SI-GuidedProject-705449-1706164315\\Reports\\20240203_121150\\AmazonRemoveCart\\20240203_121248\\execution0.log"/>
         <property name="attachments" value=""/>
         <property name="hostName" value="hp - 192.168.2.4"/>
         <property name="os" value="Windows 11 64bit"/>
         <property name="katalonVersion" value="9.3.0.212"/>
         <property name="browser" value="Edge Chromium 121"/>
         <property name="hostAddress" value="192.168.2.4"/>
         <property name="sessionId" value="fb7f0a55c35cd99b0ee56de89f1ee9d9"/>
         <property name="seleniumVersion" value="3.141.59"/>
         <property name="proxyInformation" value="ProxyInformation { proxyOption=NO_PROXY, proxyServerType=HTTP, username=, password=********, proxyServerAddress=, proxyServerPort=0, executionList=&quot;&quot;, isApplyToDesiredCapabilities=true }"/>
         <property name="platform" value="Windows 11"/>
      </properties>
      <testcase name="Test Cases/Test5" time="67.866" classname="Test Cases/Test5" status="PASSED">
         <system-out><![CDATA[03-02-2024T12:16:14 - [TEST_CASE][PASSED] - Test Cases/Test5: Test Cases/Test5

03-02-2024T12:16:14 - [TEST_STEP][PASSED] - Start listener action : sampleBeforeTestCase: Navigate to 'https://www.amazon.com/delay/' successfully

03-02-2024T12:16:14 - [TEST_STEP][PASSED] - openBrowser(""): Browser is opened with url: ''

03-02-2024T12:16:15 - [MESSAGE][INFO] - Starting 'Edge Chromium' driver

03-02-2024T12:16:16 - [MESSAGE][INFO] - Action delay is set to 0 milliseconds

03-02-2024T12:16:18 - [MESSAGE][PASSED] - Browser is opened with url: ''

03-02-2024T12:16:18 - [TEST_STEP][PASSED] - navigateToUrl("https://www.amazon.com/delay/"): Navigate to 'https://www.amazon.com/delay/' successfully

03-02-2024T12:16:19 - [MESSAGE][PASSED] - Navigate to 'https://www.amazon.com/delay/' successfully

03-02-2024T12:16:20 - [TEST_STEP][PASSED] - click(findTestObject("Object Repository/AmazonRemoveCart/Page_Amazon.com Page Not Found/img")): Object: 'Object Repository/AmazonRemoveCart/Page_Amazon.com Page Not Found/img' is clicked on

03-02-2024T12:16:23 - [MESSAGE][PASSED] - Object: 'Object Repository/AmazonRemoveCart/Page_Amazon.com Page Not Found/img' is clicked on

03-02-2024T12:16:23 - [TEST_STEP][PASSED] - setText(findTestObject("Object Repository/AmazonRemoveCart/Page_Amazon.com. Spend less. Smile more/input_Search Amazon_field-keywords"), "soap"): Text 'soap' is set on object 'Object Repository/AmazonRemoveCart/Page_Amazon.com. Spend less. Smile more/input_Search Amazon_field-keywords'

03-02-2024T12:16:26 - [MESSAGE][PASSED] - Text 'soap' is set on object 'Object Repository/AmazonRemoveCart/Page_Amazon.com. Spend less. Smile more/input_Search Amazon_field-keywords'

03-02-2024T12:16:26 - [TEST_STEP][PASSED] - click(findTestObject("Object Repository/AmazonRemoveCart/Page_Amazon.com. Spend less. Smile more/input_Search Amazon_nav-search-submit-button")): Object: 'Object Repository/AmazonRemoveCart/Page_Amazon.com. Spend less. Smile more/input_Search Amazon_nav-search-submit-button' is clicked on

03-02-2024T12:16:33 - [MESSAGE][PASSED] - Object: 'Object Repository/AmazonRemoveCart/Page_Amazon.com. Spend less. Smile more/input_Search Amazon_nav-search-submit-button' is clicked on

03-02-2024T12:16:33 - [TEST_STEP][PASSED] - click(findTestObject("Object Repository/AmazonRemoveCart/Page_Amazon.com  soap/img_Results_s-image")): Object: 'Object Repository/AmazonRemoveCart/Page_Amazon.com  soap/img_Results_s-image' is clicked on

03-02-2024T12:16:41 - [MESSAGE][PASSED] - Object: 'Object Repository/AmazonRemoveCart/Page_Amazon.com  soap/img_Results_s-image' is clicked on

03-02-2024T12:16:41 - [TEST_STEP][PASSED] - click(findTestObject("Object Repository/AmazonRemoveCart/Page_Amazon.com  Dove Beauty Bar Cleanser f_be1d17/input_Shipping cost, delivery date, and ord_223673")): Object: 'Object Repository/AmazonRemoveCart/Page_Amazon.com  Dove Beauty Bar Cleanser f_be1d17/input_Shipping cost, delivery date, and ord_223673' is clicked on

03-02-2024T12:16:45 - [MESSAGE][PASSED] - Object: 'Object Repository/AmazonRemoveCart/Page_Amazon.com  Dove Beauty Bar Cleanser f_be1d17/input_Shipping cost, delivery date, and ord_223673' is clicked on

03-02-2024T12:16:45 - [TEST_STEP][PASSED] - click(findTestObject("Object Repository/AmazonRemoveCart/Page_Amazon.com Shopping Cart/a_Go to Cart")): Object: 'Object Repository/AmazonRemoveCart/Page_Amazon.com Shopping Cart/a_Go to Cart' is clicked on

03-02-2024T12:16:49 - [MESSAGE][PASSED] - Object: 'Object Repository/AmazonRemoveCart/Page_Amazon.com Shopping Cart/a_Go to Cart' is clicked on

03-02-2024T12:16:49 - [TEST_STEP][PASSED] - click(findTestObject("Object Repository/AmazonRemoveCart/Page_Amazon.com Shopping Cart/input_Update_submit.delete.f61e73c0-ffc0-41_fc858a")): Object: 'Object Repository/AmazonRemoveCart/Page_Amazon.com Shopping Cart/input_Update_submit.delete.f61e73c0-ffc0-41_fc858a' is clicked on

03-02-2024T12:17:21 - [MESSAGE][INFO] - Unable to find the element located by 'By.xpath: //input[@name='submit.delete.f61e73c0-ffc0-41dc-804f-654ee936d404']'. Please recheck the objects properties to make sure the desired element is located. 

03-02-2024T12:17:21 - [MESSAGE][WARNING] - [SELF-HEALING] Failed to find element with id 'Object Repository/AmazonRemoveCart/Page_Amazon.com Shopping Cart/input_Update_submit.delete.f61e73c0-ffc0-41_fc858a'. Try using Self-healing.

03-02-2024T12:17:21 - [MESSAGE][WARNING] - [SELF-HEALING] The current locator of test object 'Object Repository/AmazonRemoveCart/Page_Amazon.com Shopping Cart/input_Update_submit.delete.f61e73c0-ffc0-41_fc858a' was broken. Propose an alternative one: '//span[2]/span/input'.

03-02-2024T12:17:21 - [MESSAGE][PASSED] - Object: 'Object Repository/AmazonRemoveCart/Page_Amazon.com Shopping Cart/input_Update_submit.delete.f61e73c0-ffc0-41_fc858a' is clicked on

03-02-2024T12:17:21 - [TEST_STEP][PASSED] - Start listener action : sampleAfterTestCase: Browser is closed

03-02-2024T12:17:21 - [TEST_STEP][PASSED] - closeBrowser(): Browser is closed

03-02-2024T12:17:22 - [MESSAGE][PASSED] - Browser is closed]]></system-out>
         <system-err><![CDATA[]]></system-err>
      </testcase>
      <system-out><![CDATA[03-02-2024T12:16:14 - [TEST_SUITE][PASSED] - AmazonRemoveCart: Test Cases/Test5]]></system-out>
      <system-err><![CDATA[]]></system-err>
   </testsuite>
</testsuites>
