<?xml version="1.0" encoding="UTF-8"?>
<testsuites name="Welcomemessage" time="5.11" tests="1" failures="0" errors="0">
   <testsuite name="Welcomemessage" tests="1" failures="0" errors="0" time="5.11" skipped="0" timestamp="03-02-2024T13:55:03" hostname="hp - 192.168.2.4" id="Test Suites/Welcomemessage">
      <properties>
         <property name="deviceName" value=""/>
         <property name="devicePlatform" value=""/>
         <property name="logFolder" value="C:\\Users\\hp\\git\\SI-GuidedProject-705449-1706164315\\Reports\\20240203_135410\\Welcomemessage\\20240203_135420"/>
         <property name="logFiles" value="C:\\Users\\hp\\git\\SI-GuidedProject-705449-1706164315\\Reports\\20240203_135410\\Welcomemessage\\20240203_135420\\execution0.log"/>
         <property name="attachments" value=""/>
         <property name="hostName" value="hp - 192.168.2.4"/>
         <property name="os" value="Windows 11 64bit"/>
         <property name="katalonVersion" value="9.3.0.212"/>
         <property name="browser" value="Edge Chromium 121"/>
         <property name="hostAddress" value="192.168.2.4"/>
         <property name="sessionId" value="bf74318afce88d919a2e96891145f673"/>
         <property name="seleniumVersion" value="3.141.59"/>
         <property name="proxyInformation" value="ProxyInformation { proxyOption=NO_PROXY, proxyServerType=HTTP, username=, password=********, proxyServerAddress=, proxyServerPort=0, executionList=&quot;&quot;, isApplyToDesiredCapabilities=true }"/>
         <property name="platform" value="Windows 11"/>
      </properties>
      <testcase name="Test Cases/Test6" time="4.93" classname="Test Cases/Test6" status="PASSED">
         <system-out><![CDATA[03-02-2024T13:55:03 - [TEST_CASE][PASSED] - Test Cases/Test6: Test Cases/Test6

03-02-2024T13:55:03 - [TEST_STEP][PASSED] - Start listener action : sampleBeforeTestCase: Navigate to 'https://www.amazon.com/delay/' successfully

03-02-2024T13:55:03 - [TEST_STEP][PASSED] - openBrowser(""): Browser is opened with url: ''

03-02-2024T13:55:04 - [MESSAGE][INFO] - Starting 'Edge Chromium' driver

03-02-2024T13:55:05 - [MESSAGE][INFO] - Action delay is set to 0 milliseconds

03-02-2024T13:55:07 - [MESSAGE][PASSED] - Browser is opened with url: ''

03-02-2024T13:55:07 - [TEST_STEP][PASSED] - navigateToUrl("https://www.amazon.com/delay/"): Navigate to 'https://www.amazon.com/delay/' successfully

03-02-2024T13:55:08 - [MESSAGE][PASSED] - Navigate to 'https://www.amazon.com/delay/' successfully

03-02-2024T13:55:08 - [TEST_STEP][PASSED] - com.test.demo.Demo.print(): com.test.demo.Demo.print is PASSED

03-02-2024T13:55:08 - [MESSAGE][PASSED] - com.test.demo.Demo.print is PASSED

03-02-2024T13:55:08 - [TEST_STEP][PASSED] - Start listener action : sampleAfterTestCase: Browser is closed

03-02-2024T13:55:08 - [TEST_STEP][PASSED] - closeBrowser(): Browser is closed

03-02-2024T13:55:08 - [MESSAGE][PASSED] - Browser is closed]]></system-out>
         <system-err><![CDATA[]]></system-err>
      </testcase>
      <system-out><![CDATA[03-02-2024T13:55:03 - [TEST_SUITE][PASSED] - Welcomemessage: Test Cases/Test6]]></system-out>
      <system-err><![CDATA[]]></system-err>
   </testsuite>
</testsuites>
