<?xml version="1.0" encoding="UTF-8"?>
<testsuites name="amazonsearch" time="108.823" tests="4" failures="0" errors="0">
   <testsuite name="amazonsearch" tests="4" failures="0" errors="0" time="108.823" skipped="0" timestamp="03-02-2024T13:55:33" hostname="hp - 192.168.2.4" id="Test Suites/amazonsearch">
      <properties>
         <property name="deviceName" value=""/>
         <property name="devicePlatform" value=""/>
         <property name="logFolder" value="C:\\Users\\hp\\git\\SI-GuidedProject-705449-1706164315\\Reports\\20240203_135410\\amazonsearch\\20240203_135437"/>
         <property name="logFiles" value="C:\\Users\\hp\\git\\SI-GuidedProject-705449-1706164315\\Reports\\20240203_135410\\amazonsearch\\20240203_135437\\execution0.log"/>
         <property name="attachments" value=""/>
         <property name="hostName" value="hp - 192.168.2.4"/>
         <property name="os" value="Windows 11 64bit"/>
         <property name="katalonVersion" value="9.3.0.212"/>
         <property name="browser" value="Edge Chromium 121"/>
         <property name="hostAddress" value="192.168.2.4"/>
         <property name="sessionId" value="b8d676fe1cc49ff040b5609246a60aff"/>
         <property name="seleniumVersion" value="3.141.59"/>
         <property name="proxyInformation" value="ProxyInformation { proxyOption=NO_PROXY, proxyServerType=HTTP, username=, password=********, proxyServerAddress=, proxyServerPort=0, executionList=&quot;&quot;, isApplyToDesiredCapabilities=true }"/>
         <property name="platform" value="Windows 11"/>
      </properties>
      <testcase name="Test Cases/Test2" time="24.522" classname="Test Cases/Test2" status="PASSED">
         <system-out><![CDATA[03-02-2024T13:55:33 - [TEST_CASE][PASSED] - Test Cases/Test2: Test Cases/Test2

03-02-2024T13:55:33 - [TEST_STEP][PASSED] - Start listener action : sampleBeforeTestCase: Navigate to 'https://www.amazon.com/delay/' successfully

03-02-2024T13:55:33 - [TEST_STEP][PASSED] - openBrowser(""): Browser is opened with url: ''

03-02-2024T13:55:34 - [MESSAGE][INFO] - Starting 'Edge Chromium' driver

03-02-2024T13:55:34 - [MESSAGE][INFO] - Action delay is set to 0 milliseconds

03-02-2024T13:55:36 - [MESSAGE][PASSED] - Browser is opened with url: ''

03-02-2024T13:55:36 - [TEST_STEP][PASSED] - navigateToUrl("https://www.amazon.com/delay/"): Navigate to 'https://www.amazon.com/delay/' successfully

03-02-2024T13:55:36 - [MESSAGE][PASSED] - Navigate to 'https://www.amazon.com/delay/' successfully

03-02-2024T13:55:36 - [TEST_STEP][PASSED] - click(findTestObject("Object Repository/amazonsearch/Page_Amazon.com Page Not Found/img")): Object: 'Object Repository/amazonsearch/Page_Amazon.com Page Not Found/img' is clicked on

03-02-2024T13:55:39 - [MESSAGE][PASSED] - Object: 'Object Repository/amazonsearch/Page_Amazon.com Page Not Found/img' is clicked on

03-02-2024T13:55:39 - [TEST_STEP][PASSED] - setText(findTestObject("Object Repository/amazonsearch/Page_Amazon.com. Spend less. Smile more/input_Search Amazon_field-keywords"), search): Text 'mobile' is set on object 'Object Repository/amazonsearch/Page_Amazon.com. Spend less. Smile more/input_Search Amazon_field-keywords'

03-02-2024T13:55:40 - [MESSAGE][PASSED] - Text 'mobile' is set on object 'Object Repository/amazonsearch/Page_Amazon.com. Spend less. Smile more/input_Search Amazon_field-keywords'

03-02-2024T13:55:40 - [TEST_STEP][PASSED] - click(findTestObject("Object Repository/amazonsearch/Page_Amazon.com. Spend less. Smile more/input_Search Amazon_nav-search-submit-button")): Object: 'Object Repository/amazonsearch/Page_Amazon.com. Spend less. Smile more/input_Search Amazon_nav-search-submit-button' is clicked on

03-02-2024T13:55:47 - [MESSAGE][PASSED] - Object: 'Object Repository/amazonsearch/Page_Amazon.com. Spend less. Smile more/input_Search Amazon_nav-search-submit-button' is clicked on

03-02-2024T13:55:47 - [TEST_STEP][PASSED] - click(findTestObject("Object Repository/amazonsearch/Page_Amazon.com  thermometer/div_ResultsCheck each product page for othe_437b14")): Object: 'Object Repository/amazonsearch/Page_Amazon.com  thermometer/div_ResultsCheck each product page for othe_437b14' is clicked on

03-02-2024T13:55:57 - [MESSAGE][PASSED] - Object: 'Object Repository/amazonsearch/Page_Amazon.com  thermometer/div_ResultsCheck each product page for othe_437b14' is clicked on

03-02-2024T13:55:57 - [TEST_STEP][PASSED] - Start listener action : sampleAfterTestCase: Browser is closed

03-02-2024T13:55:57 - [TEST_STEP][PASSED] - closeBrowser(): Browser is closed

03-02-2024T13:55:58 - [MESSAGE][PASSED] - Browser is closed]]></system-out>
         <system-err><![CDATA[]]></system-err>
      </testcase>
      <testcase name="Test Cases/Test2" time="16.849" classname="Test Cases/Test2" status="PASSED">
         <system-out><![CDATA[03-02-2024T13:55:58 - [TEST_CASE][PASSED] - Test Cases/Test2: Test Cases/Test2

03-02-2024T13:55:58 - [TEST_STEP][PASSED] - Start listener action : sampleBeforeTestCase: Navigate to 'https://www.amazon.com/delay/' successfully

03-02-2024T13:55:58 - [TEST_STEP][PASSED] - openBrowser(""): Browser is opened with url: ''

03-02-2024T13:55:58 - [MESSAGE][INFO] - Starting 'Edge Chromium' driver

03-02-2024T13:55:58 - [MESSAGE][INFO] - Action delay is set to 0 milliseconds

03-02-2024T13:55:59 - [MESSAGE][PASSED] - Browser is opened with url: ''

03-02-2024T13:55:59 - [TEST_STEP][PASSED] - navigateToUrl("https://www.amazon.com/delay/"): Navigate to 'https://www.amazon.com/delay/' successfully

03-02-2024T13:56:00 - [MESSAGE][PASSED] - Navigate to 'https://www.amazon.com/delay/' successfully

03-02-2024T13:56:00 - [TEST_STEP][PASSED] - click(findTestObject("Object Repository/amazonsearch/Page_Amazon.com Page Not Found/img")): Object: 'Object Repository/amazonsearch/Page_Amazon.com Page Not Found/img' is clicked on

03-02-2024T13:56:03 - [MESSAGE][PASSED] - Object: 'Object Repository/amazonsearch/Page_Amazon.com Page Not Found/img' is clicked on

03-02-2024T13:56:03 - [TEST_STEP][PASSED] - setText(findTestObject("Object Repository/amazonsearch/Page_Amazon.com. Spend less. Smile more/input_Search Amazon_field-keywords"), search): Text 'atta' is set on object 'Object Repository/amazonsearch/Page_Amazon.com. Spend less. Smile more/input_Search Amazon_field-keywords'

03-02-2024T13:56:04 - [MESSAGE][PASSED] - Text 'atta' is set on object 'Object Repository/amazonsearch/Page_Amazon.com. Spend less. Smile more/input_Search Amazon_field-keywords'

03-02-2024T13:56:04 - [TEST_STEP][PASSED] - click(findTestObject("Object Repository/amazonsearch/Page_Amazon.com. Spend less. Smile more/input_Search Amazon_nav-search-submit-button")): Object: 'Object Repository/amazonsearch/Page_Amazon.com. Spend less. Smile more/input_Search Amazon_nav-search-submit-button' is clicked on

03-02-2024T13:56:11 - [MESSAGE][PASSED] - Object: 'Object Repository/amazonsearch/Page_Amazon.com. Spend less. Smile more/input_Search Amazon_nav-search-submit-button' is clicked on

03-02-2024T13:56:11 - [TEST_STEP][PASSED] - click(findTestObject("Object Repository/amazonsearch/Page_Amazon.com  thermometer/div_ResultsCheck each product page for othe_437b14")): Object: 'Object Repository/amazonsearch/Page_Amazon.com  thermometer/div_ResultsCheck each product page for othe_437b14' is clicked on

03-02-2024T13:56:14 - [MESSAGE][PASSED] - Object: 'Object Repository/amazonsearch/Page_Amazon.com  thermometer/div_ResultsCheck each product page for othe_437b14' is clicked on

03-02-2024T13:56:14 - [TEST_STEP][PASSED] - Start listener action : sampleAfterTestCase: Browser is closed

03-02-2024T13:56:14 - [TEST_STEP][PASSED] - closeBrowser(): Browser is closed

03-02-2024T13:56:15 - [MESSAGE][PASSED] - Browser is closed]]></system-out>
         <system-err><![CDATA[]]></system-err>
      </testcase>
      <testcase name="Test Cases/Test2" time="20.116" classname="Test Cases/Test2" status="PASSED">
         <system-out><![CDATA[03-02-2024T13:56:15 - [TEST_CASE][PASSED] - Test Cases/Test2: Test Cases/Test2

03-02-2024T13:56:15 - [TEST_STEP][PASSED] - Start listener action : sampleBeforeTestCase: Navigate to 'https://www.amazon.com/delay/' successfully

03-02-2024T13:56:15 - [TEST_STEP][PASSED] - openBrowser(""): Browser is opened with url: ''

03-02-2024T13:56:15 - [MESSAGE][INFO] - Starting 'Edge Chromium' driver

03-02-2024T13:56:15 - [MESSAGE][INFO] - Action delay is set to 0 milliseconds

03-02-2024T13:56:16 - [MESSAGE][PASSED] - Browser is opened with url: ''

03-02-2024T13:56:16 - [TEST_STEP][PASSED] - navigateToUrl("https://www.amazon.com/delay/"): Navigate to 'https://www.amazon.com/delay/' successfully

03-02-2024T13:56:17 - [MESSAGE][PASSED] - Navigate to 'https://www.amazon.com/delay/' successfully

03-02-2024T13:56:17 - [TEST_STEP][PASSED] - click(findTestObject("Object Repository/amazonsearch/Page_Amazon.com Page Not Found/img")): Object: 'Object Repository/amazonsearch/Page_Amazon.com Page Not Found/img' is clicked on

03-02-2024T13:56:20 - [MESSAGE][PASSED] - Object: 'Object Repository/amazonsearch/Page_Amazon.com Page Not Found/img' is clicked on

03-02-2024T13:56:20 - [TEST_STEP][PASSED] - setText(findTestObject("Object Repository/amazonsearch/Page_Amazon.com. Spend less. Smile more/input_Search Amazon_field-keywords"), search): Text 'thermometer' is set on object 'Object Repository/amazonsearch/Page_Amazon.com. Spend less. Smile more/input_Search Amazon_field-keywords'

03-02-2024T13:56:21 - [MESSAGE][PASSED] - Text 'thermometer' is set on object 'Object Repository/amazonsearch/Page_Amazon.com. Spend less. Smile more/input_Search Amazon_field-keywords'

03-02-2024T13:56:21 - [TEST_STEP][PASSED] - click(findTestObject("Object Repository/amazonsearch/Page_Amazon.com. Spend less. Smile more/input_Search Amazon_nav-search-submit-button")): Object: 'Object Repository/amazonsearch/Page_Amazon.com. Spend less. Smile more/input_Search Amazon_nav-search-submit-button' is clicked on

03-02-2024T13:56:27 - [MESSAGE][PASSED] - Object: 'Object Repository/amazonsearch/Page_Amazon.com. Spend less. Smile more/input_Search Amazon_nav-search-submit-button' is clicked on

03-02-2024T13:56:27 - [TEST_STEP][PASSED] - click(findTestObject("Object Repository/amazonsearch/Page_Amazon.com  thermometer/div_ResultsCheck each product page for othe_437b14")): Object: 'Object Repository/amazonsearch/Page_Amazon.com  thermometer/div_ResultsCheck each product page for othe_437b14' is clicked on

03-02-2024T13:56:34 - [MESSAGE][PASSED] - Object: 'Object Repository/amazonsearch/Page_Amazon.com  thermometer/div_ResultsCheck each product page for othe_437b14' is clicked on

03-02-2024T13:56:34 - [TEST_STEP][PASSED] - Start listener action : sampleAfterTestCase: Browser is closed

03-02-2024T13:56:34 - [TEST_STEP][PASSED] - closeBrowser(): Browser is closed

03-02-2024T13:56:35 - [MESSAGE][PASSED] - Browser is closed]]></system-out>
         <system-err><![CDATA[]]></system-err>
      </testcase>
      <testcase name="Test Cases/Test2" time="47.07" classname="Test Cases/Test2" status="PASSED">
         <system-out><![CDATA[03-02-2024T13:56:35 - [TEST_CASE][PASSED] - Test Cases/Test2: Test Cases/Test2

03-02-2024T13:56:35 - [TEST_STEP][PASSED] - Start listener action : sampleBeforeTestCase: Navigate to 'https://www.amazon.com/delay/' successfully

03-02-2024T13:56:35 - [TEST_STEP][PASSED] - openBrowser(""): Browser is opened with url: ''

03-02-2024T13:56:35 - [MESSAGE][INFO] - Starting 'Edge Chromium' driver

03-02-2024T13:56:35 - [MESSAGE][INFO] - Action delay is set to 0 milliseconds

03-02-2024T13:56:36 - [MESSAGE][PASSED] - Browser is opened with url: ''

03-02-2024T13:56:36 - [TEST_STEP][PASSED] - navigateToUrl("https://www.amazon.com/delay/"): Navigate to 'https://www.amazon.com/delay/' successfully

03-02-2024T13:56:37 - [MESSAGE][PASSED] - Navigate to 'https://www.amazon.com/delay/' successfully

03-02-2024T13:56:37 - [TEST_STEP][PASSED] - click(findTestObject("Object Repository/amazonsearch/Page_Amazon.com Page Not Found/img")): Object: 'Object Repository/amazonsearch/Page_Amazon.com Page Not Found/img' is clicked on

03-02-2024T13:56:41 - [MESSAGE][PASSED] - Object: 'Object Repository/amazonsearch/Page_Amazon.com Page Not Found/img' is clicked on

03-02-2024T13:56:41 - [TEST_STEP][PASSED] - setText(findTestObject("Object Repository/amazonsearch/Page_Amazon.com. Spend less. Smile more/input_Search Amazon_field-keywords"), search): Text 'book' is set on object 'Object Repository/amazonsearch/Page_Amazon.com. Spend less. Smile more/input_Search Amazon_field-keywords'

03-02-2024T13:56:44 - [MESSAGE][PASSED] - Text 'book' is set on object 'Object Repository/amazonsearch/Page_Amazon.com. Spend less. Smile more/input_Search Amazon_field-keywords'

03-02-2024T13:56:44 - [TEST_STEP][PASSED] - click(findTestObject("Object Repository/amazonsearch/Page_Amazon.com. Spend less. Smile more/input_Search Amazon_nav-search-submit-button")): Object: 'Object Repository/amazonsearch/Page_Amazon.com. Spend less. Smile more/input_Search Amazon_nav-search-submit-button' is clicked on

03-02-2024T13:56:48 - [MESSAGE][PASSED] - Object: 'Object Repository/amazonsearch/Page_Amazon.com. Spend less. Smile more/input_Search Amazon_nav-search-submit-button' is clicked on

03-02-2024T13:56:48 - [TEST_STEP][PASSED] - click(findTestObject("Object Repository/amazonsearch/Page_Amazon.com  thermometer/div_ResultsCheck each product page for othe_437b14")): Object: 'Object Repository/amazonsearch/Page_Amazon.com  thermometer/div_ResultsCheck each product page for othe_437b14' is clicked on

03-02-2024T13:57:20 - [MESSAGE][INFO] - Unable to find the element located by 'By.xpath: //div[@id='search']/div'. Please recheck the objects properties to make sure the desired element is located. 

03-02-2024T13:57:20 - [MESSAGE][WARNING] - [SELF-HEALING] Failed to find element with id 'Object Repository/amazonsearch/Page_Amazon.com  thermometer/div_ResultsCheck each product page for othe_437b14'. Try using Self-healing.

03-02-2024T13:57:20 - [MESSAGE][WARNING] - [SELF-HEALING] The current locator of test object 'Object Repository/amazonsearch/Page_Amazon.com  thermometer/div_ResultsCheck each product page for othe_437b14' was broken. Propose an alternative one: '//div/div/div'.

03-02-2024T13:57:22 - [MESSAGE][PASSED] - Object: 'Object Repository/amazonsearch/Page_Amazon.com  thermometer/div_ResultsCheck each product page for othe_437b14' is clicked on

03-02-2024T13:57:22 - [TEST_STEP][PASSED] - Start listener action : sampleAfterTestCase: Browser is closed

03-02-2024T13:57:22 - [TEST_STEP][PASSED] - closeBrowser(): Browser is closed

03-02-2024T13:57:22 - [MESSAGE][PASSED] - Browser is closed]]></system-out>
         <system-err><![CDATA[]]></system-err>
      </testcase>
      <system-out><![CDATA[03-02-2024T13:55:33 - [TEST_SUITE][PASSED] - amazonsearch: Test Cases/Test2]]></system-out>
      <system-err><![CDATA[]]></system-err>
   </testsuite>
</testsuites>
