<?xml version="1.0" encoding="UTF-8"?>
<testsuites name="Amazonaccount" time="41.877" tests="1" failures="0" errors="0">
   <testsuite name="Amazonaccount" tests="1" failures="0" errors="0" time="41.877" skipped="0" timestamp="30-01-2024T20:52:18" hostname="hp - 192.168.2.4" id="Test Suites/Amazonaccount">
      <properties>
         <property name="deviceName" value=""/>
         <property name="devicePlatform" value=""/>
         <property name="logFolder" value="C:\\Users\\hp\\git\\SI-GuidedProject-705449-1706164315\\Reports\\20240130_205037\\Amazonaccount\\20240130_205042"/>
         <property name="logFiles" value="C:\\Users\\hp\\git\\SI-GuidedProject-705449-1706164315\\Reports\\20240130_205037\\Amazonaccount\\20240130_205042\\execution0.log"/>
         <property name="attachments" value=""/>
         <property name="hostName" value="hp - 192.168.2.4"/>
         <property name="os" value="Windows 11 64bit"/>
         <property name="katalonVersion" value="9.2.0.212"/>
         <property name="browser" value="Edge Chromium 121"/>
         <property name="hostAddress" value="192.168.2.4"/>
         <property name="sessionId" value="54f9be9c38cf1c7a60ad568c4c06688c"/>
         <property name="seleniumVersion" value="3.141.59"/>
         <property name="proxyInformation" value="ProxyInformation { proxyOption=NO_PROXY, proxyServerType=HTTP, username=, password=********, proxyServerAddress=, proxyServerPort=0, executionList=&quot;&quot;, isApplyToDesiredCapabilities=true }"/>
         <property name="platform" value="Windows 11"/>
      </properties>
      <testcase name="Test Cases/Test4" time="41.363" classname="Test Cases/Test4" status="PASSED">
         <system-out><![CDATA[30-01-2024T20:52:19 - [TEST_CASE][PASSED] - Test Cases/Test4: Test Cases/Test4

30-01-2024T20:52:19 - [TEST_STEP][PASSED] - Start listener action : sampleBeforeTestCase: Navigate to 'https://www.amazon.com/delay/' successfully

30-01-2024T20:52:19 - [TEST_STEP][PASSED] - openBrowser(""): Browser is opened with url: ''

30-01-2024T20:52:20 - [MESSAGE][INFO] - Starting 'Edge Chromium' driver

30-01-2024T20:52:22 - [MESSAGE][INFO] - Action delay is set to 0 milliseconds

30-01-2024T20:52:25 - [MESSAGE][PASSED] - Browser is opened with url: ''

30-01-2024T20:52:25 - [TEST_STEP][PASSED] - navigateToUrl("https://www.amazon.com/delay/"): Navigate to 'https://www.amazon.com/delay/' successfully

30-01-2024T20:52:26 - [MESSAGE][PASSED] - Navigate to 'https://www.amazon.com/delay/' successfully

30-01-2024T20:52:26 - [TEST_STEP][PASSED] - click(findTestObject("Object Repository/Amazonaccount/Page_Amazon.com Page Not Found/img")): Object: 'Object Repository/Amazonaccount/Page_Amazon.com Page Not Found/img' is clicked on

30-01-2024T20:52:30 - [MESSAGE][PASSED] - Object: 'Object Repository/Amazonaccount/Page_Amazon.com Page Not Found/img' is clicked on

30-01-2024T20:52:31 - [TEST_STEP][PASSED] - click(findTestObject("Object Repository/Amazonaccount/Page_Amazon.com. Spend less. Smile more/span_Hello, sign in")): Object: 'Object Repository/Amazonaccount/Page_Amazon.com. Spend less. Smile more/span_Hello, sign in' is clicked on

30-01-2024T20:52:33 - [MESSAGE][PASSED] - Object: 'Object Repository/Amazonaccount/Page_Amazon.com. Spend less. Smile more/span_Hello, sign in' is clicked on

30-01-2024T20:52:33 - [TEST_STEP][PASSED] - setText(findTestObject("Object Repository/Amazonaccount/Page_Amazon Sign-In/input_Email or mobile phone number_email"), "vivek.koppu02@gmail.com"): Text 'vivek.koppu02@gmail.com' is set on object 'Object Repository/Amazonaccount/Page_Amazon Sign-In/input_Email or mobile phone number_email'

30-01-2024T20:52:35 - [MESSAGE][PASSED] - Text 'vivek.koppu02@gmail.com' is set on object 'Object Repository/Amazonaccount/Page_Amazon Sign-In/input_Email or mobile phone number_email'

30-01-2024T20:52:35 - [TEST_STEP][PASSED] - click(findTestObject("Object Repository/Amazonaccount/Page_Amazon Sign-In/input_Enter your email or mobile phone numb_fc7402")): Object: 'Object Repository/Amazonaccount/Page_Amazon Sign-In/input_Enter your email or mobile phone numb_fc7402' is clicked on

30-01-2024T20:52:38 - [MESSAGE][PASSED] - Object: 'Object Repository/Amazonaccount/Page_Amazon Sign-In/input_Enter your email or mobile phone numb_fc7402' is clicked on

30-01-2024T20:52:38 - [TEST_STEP][PASSED] - setEncryptedText(findTestObject("Object Repository/Amazonaccount/Page_Amazon Sign-In/input_Forgot your password_password"), "ofo5Cd7yjXKREItGPzFDsw=="): Text ****** has been set on object 'Object Repository/Amazonaccount/Page_Amazon Sign-In/input_Forgot your password_password'

30-01-2024T20:52:39 - [MESSAGE][PASSED] - Text ****** has been set on object 'Object Repository/Amazonaccount/Page_Amazon Sign-In/input_Forgot your password_password'

30-01-2024T20:52:39 - [TEST_STEP][PASSED] - click(findTestObject("Object Repository/Amazonaccount/Page_Amazon Sign-In/input_Enter your password_signInSubmit")): Object: 'Object Repository/Amazonaccount/Page_Amazon Sign-In/input_Enter your password_signInSubmit' is clicked on

30-01-2024T20:52:40 - [MESSAGE][PASSED] - Object: 'Object Repository/Amazonaccount/Page_Amazon Sign-In/input_Enter your password_signInSubmit' is clicked on

30-01-2024T20:52:40 - [TEST_STEP][PASSED] - click(findTestObject("Object Repository/Amazonaccount/Page_Amazon.com. Spend less. Smile more/span_Hello, Koppu")): Object: 'Object Repository/Amazonaccount/Page_Amazon.com. Spend less. Smile more/span_Hello, Koppu' is clicked on

30-01-2024T20:52:46 - [MESSAGE][PASSED] - Object: 'Object Repository/Amazonaccount/Page_Amazon.com. Spend less. Smile more/span_Hello, Koppu' is clicked on

30-01-2024T20:52:46 - [TEST_STEP][PASSED] - click(findTestObject("Object Repository/Amazonaccount/Page_Your Account/div_Your Orders                            _3ec75f")): Object: 'Object Repository/Amazonaccount/Page_Your Account/div_Your Orders                            _3ec75f' is clicked on

30-01-2024T20:52:49 - [MESSAGE][PASSED] - Object: 'Object Repository/Amazonaccount/Page_Your Account/div_Your Orders                            _3ec75f' is clicked on

30-01-2024T20:52:49 - [TEST_STEP][PASSED] - click(findTestObject("Object Repository/Amazonaccount/Page_Your Orders/a_Your Account")): Object: 'Object Repository/Amazonaccount/Page_Your Orders/a_Your Account' is clicked on

30-01-2024T20:52:52 - [MESSAGE][PASSED] - Object: 'Object Repository/Amazonaccount/Page_Your Orders/a_Your Account' is clicked on

30-01-2024T20:52:52 - [TEST_STEP][PASSED] - click(findTestObject("Object Repository/Amazonaccount/Page_Your Account/div_Your Addresses                         _6e2e83")): Object: 'Object Repository/Amazonaccount/Page_Your Account/div_Your Addresses                         _6e2e83' is clicked on

30-01-2024T20:52:54 - [MESSAGE][PASSED] - Object: 'Object Repository/Amazonaccount/Page_Your Account/div_Your Addresses                         _6e2e83' is clicked on

30-01-2024T20:52:54 - [TEST_STEP][PASSED] - click(findTestObject("Object Repository/Amazonaccount/Page_Your Addresses/span_EN")): Object: 'Object Repository/Amazonaccount/Page_Your Addresses/span_EN' is clicked on

30-01-2024T20:52:57 - [MESSAGE][PASSED] - Object: 'Object Repository/Amazonaccount/Page_Your Addresses/span_EN' is clicked on

30-01-2024T20:52:57 - [TEST_STEP][PASSED] - click(findTestObject("Object Repository/Amazonaccount/Page_Change Language  Currency Settings/div_(function(f) var _np(window.P._namespac_5a8a07")): Object: 'Object Repository/Amazonaccount/Page_Change Language  Currency Settings/div_(function(f) var _np(window.P._namespac_5a8a07' is clicked on

30-01-2024T20:52:59 - [MESSAGE][PASSED] - Object: 'Object Repository/Amazonaccount/Page_Change Language  Currency Settings/div_(function(f) var _np(window.P._namespac_5a8a07' is clicked on

30-01-2024T20:52:59 - [TEST_STEP][PASSED] - Start listener action : sampleAfterTestCase: Browser is closed

30-01-2024T20:52:59 - [TEST_STEP][PASSED] - closeBrowser(): Browser is closed

30-01-2024T20:53:00 - [MESSAGE][PASSED] - Browser is closed]]></system-out>
         <system-err><![CDATA[]]></system-err>
      </testcase>
      <system-out><![CDATA[30-01-2024T20:52:18 - [TEST_SUITE][PASSED] - Amazonaccount: Test Cases/Test4]]></system-out>
      <system-err><![CDATA[]]></system-err>
   </testsuite>
</testsuites>
